# JRE version: OpenJDK Runtime Environment Temurin-17.0.9+9 (17.0.9+9) (build 17.0.9+9)
# Java VM: OpenJDK 64-Bit Server VM Temurin-17.0.9+9 (17.0.9+9, mixed mode, tiered, compressed oops, compressed class ptrs, g1 gc, bsd-amd64)
GC Precious Log:
 CPUs: 12 total, 12 available
 Memory: 32768M
 Large Page Support: Disabled
 NUMA Support: Disabled
 Compressed Oops: Enabled (Zero based)
 Heap Region Size: 4M
 Heap Min Capacity: 8M
 Heap Initial Capacity: 512M
 Heap Max Capacity: 8G
 Pre-touch: Disabled
 Parallel Workers: 10
 Concurrent Workers: 3
 Concurrent Refinement Workers: 10
 Periodic GC: Disabled
Heap:
 garbage-first heap   total 299008K, used 53916K [0x0000000600000000, 0x0000000800000000)
  region size 4096K, 9 young (36864K), 1 survivors (4096K)
 Metaspace       used 40626K, committed 40960K, reserved 1114112K
  class space    used 4763K, committed 4928K, reserved 1048576K
GC Heap History (16 events):
Event: 1.244 GC heap before
{Heap before GC invocations=0 (full 0):
 garbage-first heap   total 524288K, used 20480K [0x0000000600000000, 0x0000000800000000)
  region size 4096K, 6 young (24576K), 0 survivors (0K)
 Metaspace       used 16136K, committed 16320K, reserved 1114112K
  class space    used 1620K, committed 1728K, reserved 1048576K
}
Event: 1.254 GC heap after
{Heap after GC invocations=1 (full 0):
 garbage-first heap   total 524288K, used 9813K [0x0000000600000000, 0x0000000800000000)
  region size 4096K, 1 young (4096K), 1 survivors (4096K)
 Metaspace       used 16136K, committed 16320K, reserved 1114112K
  class space    used 1620K, committed 1728K, reserved 1048576K
}
Event: 2.017 GC heap before
{Heap before GC invocations=1 (full 0):
 garbage-first heap   total 524288K, used 22101K [0x0000000600000000, 0x0000000800000000)
  region size 4096K, 5 young (20480K), 1 survivors (4096K)
 Metaspace       used 21385K, committed 21504K, reserved 1114112K
  class space    used 2243K, committed 2304K, reserved 1048576K
}
Event: 2.021 GC heap after
{Heap after GC invocations=2 (full 0):
 garbage-first heap   total 524288K, used 11558K [0x0000000600000000, 0x0000000800000000)
  region size 4096K, 1 young (4096K), 1 survivors (4096K)
 Metaspace       used 21385K, committed 21504K, reserved 1114112K
  class space    used 2243K, committed 2304K, reserved 1048576K
}
Event: 2.750 GC heap before
{Heap before GC invocations=3 (full 0):
 garbage-first heap   total 69632K, used 36134K [0x0000000600000000, 0x0000000800000000)
  region size 4096K, 8 young (32768K), 1 survivors (4096K)
 Metaspace       used 29766K, committed 29952K, reserved 1114112K
  class space    used 3384K, committed 3456K, reserved 1048576K
}
Event: 2.755 GC heap after
{Heap after GC invocations=4 (full 0):
 garbage-first heap   total 69632K, used 13994K [0x0000000600000000, 0x0000000800000000)
  region size 4096K, 1 young (4096K), 1 survivors (4096K)
 Metaspace       used 29766K, committed 29952K, reserved 1114112K
  class space    used 3384K, committed 3456K, reserved 1048576K
}
Event: 5.405 GC heap before
{Heap before GC invocations=4 (full 0):
 garbage-first heap   total 69632K, used 26282K [0x0000000600000000, 0x0000000800000000)
  region size 4096K, 2 young (8192K), 1 survivors (4096K)
 Metaspace       used 30841K, committed 31040K, reserved 1114112K
  class space    used 3550K, committed 3648K, reserved 1048576K
}
Event: 5.413 GC heap after
{Heap after GC invocations=5 (full 0):
 garbage-first heap   total 69632K, used 23195K [0x0000000600000000, 0x0000000800000000)
  region size 4096K, 1 young (4096K), 1 survivors (4096K)
 Metaspace       used 30841K, committed 31040K, reserved 1114112K
  class space    used 3550K, committed 3648K, reserved 1048576K
}
Event: 8.000 GC heap before
{Heap before GC invocations=5 (full 0):
 garbage-first heap   total 69632K, used 35483K [0x0000000600000000, 0x0000000800000000)
  region size 4096K, 5 young (20480K), 1 survivors (4096K)
 Metaspace       used 35725K, committed 35968K, reserved 1114112K
  class space    used 4127K, committed 4288K, reserved 1048576K
}
Event: 8.004 GC heap after
{Heap after GC invocations=6 (full 0):
 garbage-first heap   total 69632K, used 24822K [0x0000000600000000, 0x0000000800000000)
  region size 4096K, 1 young (4096K), 1 survivors (4096K)
 Metaspace       used 35725K, committed 35968K, reserved 1114112K
  class space    used 4127K, committed 4288K, reserved 1048576K
}
Event: 8.200 GC heap before
{Heap before GC invocations=7 (full 0):
 garbage-first heap   total 69632K, used 41206K [0x0000000600000000, 0x0000000800000000)
  region size 4096K, 5 young (20480K), 1 survivors (4096K)
 Metaspace       used 37671K, committed 37888K, reserved 1114112K
  class space    used 4386K, committed 4480K, reserved 1048576K
}
Event: 8.204 GC heap after
{Heap after GC invocations=8 (full 0):
 garbage-first heap   total 69632K, used 25565K [0x0000000600000000, 0x0000000800000000)
  region size 4096K, 1 young (4096K), 1 survivors (4096K)
 Metaspace       used 37671K, committed 37888K, reserved 1114112K
  class space    used 4386K, committed 4480K, reserved 1048576K
}
Event: 8.209 GC heap before
{Heap before GC invocations=8 (full 0):
 garbage-first heap   total 69632K, used 29661K [0x0000000600000000, 0x0000000800000000)
  region size 4096K, 2 young (8192K), 1 survivors (4096K)
 Metaspace       used 37671K, committed 37888K, reserved 1114112K
  class space    used 4386K, committed 4480K, reserved 1048576K
}
Event: 8.216 GC heap after
{Heap after GC invocations=9 (full 0):
 garbage-first heap   total 69632K, used 25022K [0x0000000600000000, 0x0000000800000000)
  region size 4096K, 1 young (4096K), 1 survivors (4096K)
 Metaspace       used 37671K, committed 37888K, reserved 1114112K
  class space    used 4386K, committed 4480K, reserved 1048576K
}
Event: 8.234 GC heap before
{Heap before GC invocations=9 (full 0):
 garbage-first heap   total 69632K, used 41406K [0x0000000600000000, 0x0000000800000000)
  region size 4096K, 5 young (20480K), 1 survivors (4096K)
 Metaspace       used 37671K, committed 37888K, reserved 1114112K
  class space    used 4386K, committed 4480K, reserved 1048576K
}
Event: 8.237 GC heap after
{Heap after GC invocations=10 (full 0):
 garbage-first heap   total 299008K, used 25244K [0x0000000600000000, 0x0000000800000000)
  region size 4096K, 1 young (4096K), 1 survivors (4096K)
 Metaspace       used 37671K, committed 37888K, reserved 1114112K
  class space    used 4386K, committed 4480K, reserved 1048576K
}

