<?xml version="1.0" encoding="UTF-8"?>
<testng-results total="1" passed="1" failed="0" skipped="0">
  <reporter-output>
  </reporter-output>
  <suite started-at="2024-05-20T19:13:03Z" name="Suite" finished-at="2024-05-20T19:14:14Z" duration-ms="70505">
    <groups>
    </groups>
    <test started-at="2024-05-20T19:13:03Z" name="Test" finished-at="2024-05-20T19:14:14Z" duration-ms="70505">
      <class name="com.orderApp.WebScript.PrettyLittleThingPlaceOrder">
        <test-method is-config="true" signature="beforeTest(java.lang.String)[pri:0, instance:com.orderApp.WebScript.PrettyLittleThingPlaceOrder@d6e7bab]" started-at="2024-05-20T20:13:03Z" name="beforeTest" finished-at="2024-05-20T20:13:06Z" duration-ms="2558" status="PASS">
          <params>
            <param index="0">
              <value>
                <![CDATA[chrome]]>
              </value>
            </param>
          </params>
          <reporter-output>
          </reporter-output>
        </test-method> <!-- beforeTest -->
        <test-method signature="PlaceOrderOnPLT()[pri:0, instance:com.orderApp.WebScript.PrettyLittleThingPlaceOrder@d6e7bab]" started-at="2024-05-20T20:13:06Z" name="PlaceOrderOnPLT" finished-at="2024-05-20T20:14:13Z" duration-ms="67038" status="PASS">
          <reporter-output>
          </reporter-output>
        </test-method> <!-- PlaceOrderOnPLT -->
        <test-method is-config="true" signature="AfterTest()[pri:0, instance:com.orderApp.WebScript.PrettyLittleThingPlaceOrder@d6e7bab]" started-at="2024-05-20T20:14:13Z" name="AfterTest" finished-at="2024-05-20T20:14:14Z" duration-ms="898" status="PASS">
          <reporter-output>
          </reporter-output>
        </test-method> <!-- AfterTest -->
      </class> <!-- com.orderApp.WebScript.PrettyLittleThingPlaceOrder -->
    </test> <!-- Test -->
  </suite> <!-- Suite -->
</testng-results>
