<?xml version="1.0" encoding="UTF-8"?>
<testng-results total="1" passed="0" failed="1" skipped="0">
  <reporter-output>
  </reporter-output>
  <suite started-at="2024-05-20T15:20:43Z" name="Default suite" finished-at="2024-05-20T15:22:12Z" duration-ms="88941">
    <groups>
    </groups>
    <test started-at="2024-05-20T15:20:43Z" name="Default test" finished-at="2024-05-20T15:22:12Z" duration-ms="88941">
      <class name="com.orderApp.WebScript.PrettyLittleThingPlaceOrder">
        <test-method is-config="true" signature="beforeTest()[pri:0, instance:com.orderApp.WebScript.PrettyLittleThingPlaceOrder@1869fbd2]" started-at="2024-05-20T16:20:43Z" name="beforeTest" finished-at="2024-05-20T16:20:45Z" duration-ms="2649" status="PASS">
          <reporter-output>
          </reporter-output>
        </test-method> <!-- beforeTest -->
        <test-method signature="Login()[pri:0, instance:com.orderApp.WebScript.PrettyLittleThingPlaceOrder@1869fbd2]" started-at="2024-05-20T16:20:45Z" name="Login" finished-at="2024-05-20T16:22:12Z" duration-ms="86281" status="FAIL">
          <exception class="org.openqa.selenium.TimeoutException">
            <message>
              <![CDATA[Expected condition failed: waiting for visibility of element located by By.xpath: //h2[contains(@class, 'box__title') and text() = 'Payment Information'] (tried for 30 second(s) with 500 milliseconds interval)
Build info: version: '4.7.0', revision: '52e3a49ea2'
System info: os.name: 'Mac OS X', os.arch: 'x86_64', os.version: '14.3.1', java.version: '17.0.9'
Driver info: org.openqa.selenium.chrome.ChromeDriver
Capabilities {acceptInsecureCerts: false, browserName: chrome, browserVersion: 125.0.6422.60, chrome: {chromedriverVersion: 124.0.6367.155 (df4f029328b..., userDataDir: /var/folders/6d/27kh_gqs16j...}, fedcm:accounts: true, goog:chromeOptions: {debuggerAddress: localhost:62156}, networkConnectionEnabled: false, pageLoadStrategy: normal, platformName: MAC, proxy: Proxy(), se:cdp: ws://localhost:62156/devtoo..., se:cdpVersion: 125.0.6422.60, setWindowRect: true, strictFileInteractability: false, timeouts: {implicit: 0, pageLoad: 300000, script: 30000}, unhandledPromptBehavior: dismiss and notify, webauthn:extension:credBlob: true, webauthn:extension:largeBlob: true, webauthn:extension:minPinLength: true, webauthn:extension:prf: true, webauthn:virtualAuthenticators: true}
Session ID: fc9ef359510bd879baa0be2f49e4130f]]>
            </message>
            <full-stacktrace>
              <![CDATA[org.openqa.selenium.TimeoutException: Expected condition failed: waiting for visibility of element located by By.xpath: //h2[contains(@class, 'box__title') and text() = 'Payment Information'] (tried for 30 second(s) with 500 milliseconds interval)
Build info: version: '4.7.0', revision: '52e3a49ea2'
System info: os.name: 'Mac OS X', os.arch: 'x86_64', os.version: '14.3.1', java.version: '17.0.9'
Driver info: org.openqa.selenium.chrome.ChromeDriver
Capabilities {acceptInsecureCerts: false, browserName: chrome, browserVersion: 125.0.6422.60, chrome: {chromedriverVersion: 124.0.6367.155 (df4f029328b..., userDataDir: /var/folders/6d/27kh_gqs16j...}, fedcm:accounts: true, goog:chromeOptions: {debuggerAddress: localhost:62156}, networkConnectionEnabled: false, pageLoadStrategy: normal, platformName: MAC, proxy: Proxy(), se:cdp: ws://localhost:62156/devtoo..., se:cdpVersion: 125.0.6422.60, setWindowRect: true, strictFileInteractability: false, timeouts: {implicit: 0, pageLoad: 300000, script: 30000}, unhandledPromptBehavior: dismiss and notify, webauthn:extension:credBlob: true, webauthn:extension:largeBlob: true, webauthn:extension:minPinLength: true, webauthn:extension:prf: true, webauthn:virtualAuthenticators: true}
Session ID: fc9ef359510bd879baa0be2f49e4130f
	at org.openqa.selenium.support.ui.WebDriverWait.timeoutException(WebDriverWait.java:87)
	at org.openqa.selenium.support.ui.FluentWait.until(FluentWait.java:231)
	at helpers.CommonActions.waitForElementDisplayed(CommonActions.java:41)
	at helpers.CommonActions.ScrollToView(CommonActions.java:58)
	at com.orderApp.POM.POM_BillingPage.clickOnPaymentMethod(POM_BillingPage.java:56)
	at com.orderApp.WebScript.PrettyLittleThingPlaceOrder.Login(PrettyLittleThingPlaceOrder.java:56)
	at java.base/jdk.internal.reflect.NativeMethodAccessorImpl.invoke0(Native Method)
	at java.base/jdk.internal.reflect.NativeMethodAccessorImpl.invoke(NativeMethodAccessorImpl.java:77)
	at java.base/jdk.internal.reflect.DelegatingMethodAccessorImpl.invoke(DelegatingMethodAccessorImpl.java:43)
	at java.base/java.lang.reflect.Method.invoke(Method.java:568)
	at org.testng.internal.MethodInvocationHelper.invokeMethod(MethodInvocationHelper.java:80)
	at org.testng.internal.Invoker.invokeMethod(Invoker.java:715)
	at org.testng.internal.Invoker.invokeTestMethod(Invoker.java:907)
	at org.testng.internal.Invoker.invokeTestMethods(Invoker.java:1237)
	at org.testng.internal.TestMethodWorker.invokeTestMethods(TestMethodWorker.java:127)
	at org.testng.internal.TestMethodWorker.run(TestMethodWorker.java:111)
	at org.testng.TestRunner.privateRun(TestRunner.java:767)
	at org.testng.TestRunner.run(TestRunner.java:617)
	at org.testng.SuiteRunner.runTest(SuiteRunner.java:334)
	at org.testng.SuiteRunner.runSequentially(SuiteRunner.java:329)
	at org.testng.SuiteRunner.privateRun(SuiteRunner.java:291)
	at org.testng.SuiteRunner.run(SuiteRunner.java:240)
	at org.testng.SuiteRunnerWorker.runSuite(SuiteRunnerWorker.java:51)
	at org.testng.SuiteRunnerWorker.run(SuiteRunnerWorker.java:85)
	at org.testng.TestNG.runSuitesSequentially(TestNG.java:1197)
	at org.testng.TestNG.runSuitesLocally(TestNG.java:1122)
	at org.testng.TestNG.run(TestNG.java:1030)
	at org.testng.remote.AbstractRemoteTestNG.run(AbstractRemoteTestNG.java:115)
	at org.testng.remote.RemoteTestNG.initAndRun(RemoteTestNG.java:251)
	at org.testng.remote.RemoteTestNG.main(RemoteTestNG.java:77)
]]>
            </full-stacktrace>
          </exception> <!-- org.openqa.selenium.TimeoutException -->
          <reporter-output>
          </reporter-output>
        </test-method> <!-- Login -->
        <test-method is-config="true" signature="AfterTest()[pri:0, instance:com.orderApp.WebScript.PrettyLittleThingPlaceOrder@1869fbd2]" started-at="2024-05-20T16:22:12Z" name="AfterTest" finished-at="2024-05-20T16:22:12Z" duration-ms="0" status="PASS">
          <reporter-output>
          </reporter-output>
        </test-method> <!-- AfterTest -->
      </class> <!-- com.orderApp.WebScript.PrettyLittleThingPlaceOrder -->
    </test> <!-- Default test -->
  </suite> <!-- Default suite -->
</testng-results>
